<?xml version="1.0" encoding="UTF-8"?>
<testsuite xmlns:xsi="http://www.w3.org/2001/XMLSchema-instance" xsi:noNamespaceSchemaLocation="https://maven.apache.org/surefire/maven-surefire-plugin/xsd/surefire-test-report.xsd" name="Test" time="0.2" tests="2" errors="2" skipped="0" failures="0">
  <properties>
    <property name="sun.desktop" value="windows"/>
    <property name="awt.toolkit" value="sun.awt.windows.WToolkit"/>
    <property name="file.encoding.pkg" value="sun.io"/>
    <property name="java.specification.version" value="1.8"/>
    <property name="sun.cpu.isalist" value="amd64"/>
    <property name="sun.jnu.encoding" value="GBK"/>
    <property name="java.class.path" value="F:\Workspace\MyBatis\MyBatis08\target\test-classes;F:\Workspace\MyBatis\MyBatis08\target\classes;F:\tool_maven_git\MavenRepository\org\apache\camel\camel-core\3.7.2\camel-core-3.7.2.jar;F:\tool_maven_git\MavenRepository\org\apache\camel\camel-core-engine\3.7.2\camel-core-engine-3.7.2.jar;F:\tool_maven_git\MavenRepository\org\apache\camel\camel-api\3.7.2\camel-api-3.7.2.jar;F:\tool_maven_git\MavenRepository\org\apache\camel\camel-base-engine\3.7.2\camel-base-engine-3.7.2.jar;F:\tool_maven_git\MavenRepository\org\apache\camel\camel-base\3.7.2\camel-base-3.7.2.jar;F:\tool_maven_git\MavenRepository\org\apache\camel\camel-core-reifier\3.7.2\camel-core-reifier-3.7.2.jar;F:\tool_maven_git\MavenRepository\org\apache\camel\camel-core-processor\3.7.2\camel-core-processor-3.7.2.jar;F:\tool_maven_git\MavenRepository\org\apache\camel\camel-management-api\3.7.2\camel-management-api-3.7.2.jar;F:\tool_maven_git\MavenRepository\org\apache\camel\camel-support\3.7.2\camel-support-3.7.2.jar;F:\tool_maven_git\MavenRepository\org\apache\camel\camel-util\3.7.2\camel-util-3.7.2.jar;F:\tool_maven_git\MavenRepository\org\apache\camel\camel-core-languages\3.7.2\camel-core-languages-3.7.2.jar;F:\tool_maven_git\MavenRepository\org\apache\camel\camel-bean\3.7.2\camel-bean-3.7.2.jar;F:\tool_maven_git\MavenRepository\org\apache\camel\camel-browse\3.7.2\camel-browse-3.7.2.jar;F:\tool_maven_git\MavenRepository\org\apache\camel\camel-caffeine-lrucache\3.7.2\camel-caffeine-lrucache-3.7.2.jar;F:\tool_maven_git\MavenRepository\com\github\ben-manes\caffeine\caffeine\2.8.8\caffeine-2.8.8.jar;F:\tool_maven_git\MavenRepository\org\apache\camel\camel-cluster\3.7.2\camel-cluster-3.7.2.jar;F:\tool_maven_git\MavenRepository\org\apache\camel\camel-core-model\3.7.2\camel-core-model-3.7.2.jar;F:\tool_maven_git\MavenRepository\org\apache\camel\camel-controlbus\3.7.2\camel-controlbus-3.7.2.jar;F:\tool_maven_git\MavenRepository\org\apache\camel\camel-dataformat\3.7.2\camel-dataformat-3.7.2.jar;F:\tool_maven_git\MavenRepository\org\apache\camel\camel-dataset\3.7.2\camel-dataset-3.7.2.jar;F:\tool_maven_git\MavenRepository\org\apache\camel\camel-direct\3.7.2\camel-direct-3.7.2.jar;F:\tool_maven_git\MavenRepository\org\apache\camel\camel-directvm\3.7.2\camel-directvm-3.7.2.jar;F:\tool_maven_git\MavenRepository\org\apache\camel\camel-file\3.7.2\camel-file-3.7.2.jar;F:\tool_maven_git\MavenRepository\org\apache\camel\camel-health\3.7.2\camel-health-3.7.2.jar;F:\tool_maven_git\MavenRepository\org\apache\camel\camel-language\3.7.2\camel-language-3.7.2.jar;F:\tool_maven_git\MavenRepository\org\apache\camel\camel-log\3.7.2\camel-log-3.7.2.jar;F:\tool_maven_git\MavenRepository\org\apache\camel\camel-mock\3.7.2\camel-mock-3.7.2.jar;F:\tool_maven_git\MavenRepository\org\apache\camel\camel-ref\3.7.2\camel-ref-3.7.2.jar;F:\tool_maven_git\MavenRepository\org\apache\camel\camel-rest\3.7.2\camel-rest-3.7.2.jar;F:\tool_maven_git\MavenRepository\org\apache\camel\camel-tooling-model\3.7.2\camel-tooling-model-3.7.2.jar;F:\tool_maven_git\MavenRepository\org\apache\camel\camel-util-json\3.7.2\camel-util-json-3.7.2.jar;F:\tool_maven_git\MavenRepository\org\apache\camel\camel-saga\3.7.2\camel-saga-3.7.2.jar;F:\tool_maven_git\MavenRepository\org\apache\camel\camel-scheduler\3.7.2\camel-scheduler-3.7.2.jar;F:\tool_maven_git\MavenRepository\org\apache\camel\camel-seda\3.7.2\camel-seda-3.7.2.jar;F:\tool_maven_git\MavenRepository\org\apache\camel\camel-stub\3.7.2\camel-stub-3.7.2.jar;F:\tool_maven_git\MavenRepository\org\apache\camel\camel-timer\3.7.2\camel-timer-3.7.2.jar;F:\tool_maven_git\MavenRepository\org\apache\camel\camel-validator\3.7.2\camel-validator-3.7.2.jar;F:\tool_maven_git\MavenRepository\org\apache\camel\camel-vm\3.7.2\camel-vm-3.7.2.jar;F:\tool_maven_git\MavenRepository\org\apache\camel\camel-xpath\3.7.2\camel-xpath-3.7.2.jar;F:\tool_maven_git\MavenRepository\org\apache\camel\camel-xslt\3.7.2\camel-xslt-3.7.2.jar;F:\tool_maven_git\MavenRepository\org\apache\camel\camel-xml-jaxb\3.7.2\camel-xml-jaxb-3.7.2.jar;F:\tool_maven_git\MavenRepository\jakarta\xml\bind\jakarta.xml.bind-api\2.3.3\jakarta.xml.bind-api-2.3.3.jar;F:\tool_maven_git\MavenRepository\jakarta\activation\jakarta.activation-api\1.2.2\jakarta.activation-api-1.2.2.jar;F:\tool_maven_git\MavenRepository\com\sun\xml\bind\jaxb-core\2.3.0\jaxb-core-2.3.0.jar;F:\tool_maven_git\MavenRepository\com\sun\xml\bind\jaxb-impl\2.3.3\jaxb-impl-2.3.3.jar;F:\tool_maven_git\MavenRepository\com\sun\activation\jakarta.activation\1.2.2\jakarta.activation-1.2.2.jar;F:\tool_maven_git\MavenRepository\org\apache\camel\camel-xml-jaxp\3.7.2\camel-xml-jaxp-3.7.2.jar;F:\tool_maven_git\MavenRepository\org\mybatis\generator\mybatis-generator-core\1.3.5\mybatis-generator-core-1.3.5.jar;F:\tool_maven_git\MavenRepository\com\github\pagehelper\pagehelper\5.0.3\pagehelper-5.0.3.jar;F:\tool_maven_git\MavenRepository\com\github\jsqlparser\jsqlparser\1.0\jsqlparser-1.0.jar;F:\tool_maven_git\MavenRepository\mysql\mysql-connector-java\5.1.37\mysql-connector-java-5.1.37.jar;F:\tool_maven_git\MavenRepository\com\mchange\c3p0\0.9.5.2\c3p0-0.9.5.2.jar;F:\tool_maven_git\MavenRepository\com\mchange\mchange-commons-java\0.2.11\mchange-commons-java-0.2.11.jar;F:\tool_maven_git\MavenRepository\org\mybatis\mybatis\3.2.8\mybatis-3.2.8.jar;F:\tool_maven_git\MavenRepository\org\mybatis\mybatis-spring\1.2.2\mybatis-spring-1.2.2.jar;F:\tool_maven_git\MavenRepository\cglib\cglib\3.2.5\cglib-3.2.5.jar;F:\tool_maven_git\MavenRepository\org\ow2\asm\asm\5.2\asm-5.2.jar;F:\tool_maven_git\MavenRepository\org\apache\ant\ant\1.9.6\ant-1.9.6.jar;F:\tool_maven_git\MavenRepository\org\apache\ant\ant-launcher\1.9.6\ant-launcher-1.9.6.jar;F:\tool_maven_git\MavenRepository\log4j\log4j\1.2.17\log4j-1.2.17.jar;F:\tool_maven_git\MavenRepository\org\mybatis\mybatis-ehcache\1.0.0\mybatis-ehcache-1.0.0.jar;F:\tool_maven_git\MavenRepository\net\sf\ehcache\ehcache-core\2.0.0\ehcache-core-2.0.0.jar;F:\tool_maven_git\MavenRepository\org\ehcache\ehcache\3.1.3\ehcache-3.1.3.jar;F:\tool_maven_git\MavenRepository\org\slf4j\slf4j-api\1.7.21\slf4j-api-1.7.21.jar;F:\tool_maven_git\MavenRepository\org\slf4j\slf4j-log4j12\1.7.21\slf4j-log4j12-1.7.21.jar;F:\tool_maven_git\MavenRepository\org\apache\logging\log4j\log4j-core\2.8.2\log4j-core-2.8.2.jar;F:\tool_maven_git\MavenRepository\org\apache\logging\log4j\log4j-api\2.8.2\log4j-api-2.8.2.jar;F:\tool_maven_git\MavenRepository\org\springframework\spring-aspects\4.1.1.RELEASE\spring-aspects-4.1.1.RELEASE.jar;F:\tool_maven_git\MavenRepository\org\aspectj\aspectjrt\1.6.11\aspectjrt-1.6.11.jar;F:\tool_maven_git\MavenRepository\org\aspectj\aspectjweaver\1.6.11\aspectjweaver-1.6.11.jar;F:\tool_maven_git\MavenRepository\commons-logging\commons-logging\1.2\commons-logging-1.2.jar;F:\tool_maven_git\MavenRepository\org\springframework\spring-beans\4.1.1.RELEASE\spring-beans-4.1.1.RELEASE.jar;F:\tool_maven_git\MavenRepository\org\springframework\spring-core\4.1.1.RELEASE\spring-core-4.1.1.RELEASE.jar;F:\tool_maven_git\MavenRepository\org\springframework\spring-aop\4.1.1.RELEASE\spring-aop-4.1.1.RELEASE.jar;F:\tool_maven_git\MavenRepository\aopalliance\aopalliance\1.0\aopalliance-1.0.jar;F:\tool_maven_git\MavenRepository\org\springframework\spring-context\4.1.1.RELEASE\spring-context-4.1.1.RELEASE.jar;F:\tool_maven_git\MavenRepository\org\springframework\spring-expression\4.1.1.RELEASE\spring-expression-4.1.1.RELEASE.jar;F:\tool_maven_git\MavenRepository\org\springframework\spring-orm\4.1.1.RELEASE\spring-orm-4.1.1.RELEASE.jar;F:\tool_maven_git\MavenRepository\org\springframework\spring-tx\4.1.1.RELEASE\spring-tx-4.1.1.RELEASE.jar;F:\tool_maven_git\MavenRepository\org\springframework\spring-jdbc\4.1.1.RELEASE\spring-jdbc-4.1.1.RELEASE.jar;F:\tool_maven_git\MavenRepository\org\springframework\spring-test\5.3.3\spring-test-5.3.3.jar;F:\tool_maven_git\MavenRepository\org\springframework\spring-webmvc\4.1.1.RELEASE\spring-webmvc-4.1.1.RELEASE.jar;F:\tool_maven_git\MavenRepository\org\springframework\spring-web\4.1.1.RELEASE\spring-web-4.1.1.RELEASE.jar;F:\tool_maven_git\MavenRepository\jstl\jstl\1.2\jstl-1.2.jar;F:\tool_maven_git\MavenRepository\taglibs\standard\1.1.2\standard-1.1.2.jar;F:\tool_maven_git\MavenRepository\commons-io\commons-io\2.0\commons-io-2.0.jar;F:\tool_maven_git\MavenRepository\commons-fileupload\commons-fileupload\1.2.1\commons-fileupload-1.2.1.jar;F:\tool_maven_git\MavenRepository\org\hibernate\hibernate-validator\5.0.0.CR2\hibernate-validator-5.0.0.CR2.jar;F:\tool_maven_git\MavenRepository\javax\validation\validation-api\1.1.0.CR1\validation-api-1.1.0.CR1.jar;F:\tool_maven_git\MavenRepository\org\jboss\logging\jboss-logging\3.1.1.GA\jboss-logging-3.1.1.GA.jar;F:\tool_maven_git\MavenRepository\com\fasterxml\classmate\0.8.0\classmate-0.8.0.jar;F:\tool_maven_git\MavenRepository\org\glassfish\web\javax.el\2.2.4\javax.el-2.2.4.jar;F:\tool_maven_git\MavenRepository\javax\el\javax.el-api\2.2.4\javax.el-api-2.2.4.jar;F:\tool_maven_git\MavenRepository\org\hibernate\hibernate-validator-annotation-processor\5.0.0.CR2\hibernate-validator-annotation-processor-5.0.0.CR2.jar;F:\tool_maven_git\MavenRepository\com\fasterxml\jackson\core\jackson-core\2.8.1\jackson-core-2.8.1.jar;F:\tool_maven_git\MavenRepository\com\fasterxml\jackson\core\jackson-databind\2.8.1\jackson-databind-2.8.1.jar;F:\tool_maven_git\MavenRepository\com\fasterxml\jackson\core\jackson-annotations\2.8.1\jackson-annotations-2.8.1.jar;F:\tool_maven_git\MavenRepository\junit\junit\4.11\junit-4.11.jar;F:\tool_maven_git\MavenRepository\org\hamcrest\hamcrest-core\1.3\hamcrest-core-1.3.jar;"/>
    <property name="java.vm.vendor" value="Oracle Corporation"/>
    <property name="sun.arch.data.model" value="64"/>
    <property name="user.variant" value=""/>
    <property name="java.vendor.url" value="http://java.oracle.com/"/>
    <property name="user.timezone" value="Asia/Shanghai"/>
    <property name="java.vm.specification.version" value="1.8"/>
    <property name="os.name" value="Windows 10"/>
    <property name="user.country" value="CN"/>
    <property name="sun.java.launcher" value="SUN_STANDARD"/>
    <property name="sun.boot.library.path" value="D:\Java\jre\bin"/>
    <property name="sun.java.command" value="C:\Users\陈浩\AppData\Local\Temp\surefire6696034877358088435\surefirebooter6363744160362804820.jar C:\Users\陈浩\AppData\Local\Temp\surefire6696034877358088435 2021-03-01T21-53-56_985-jvmRun1 surefire1675248337712429889tmp surefire_04737458449062890159tmp"/>
    <property name="surefire.test.class.path" value="F:\Workspace\MyBatis\MyBatis08\target\test-classes;F:\Workspace\MyBatis\MyBatis08\target\classes;F:\tool_maven_git\MavenRepository\org\apache\camel\camel-core\3.7.2\camel-core-3.7.2.jar;F:\tool_maven_git\MavenRepository\org\apache\camel\camel-core-engine\3.7.2\camel-core-engine-3.7.2.jar;F:\tool_maven_git\MavenRepository\org\apache\camel\camel-api\3.7.2\camel-api-3.7.2.jar;F:\tool_maven_git\MavenRepository\org\apache\camel\camel-base-engine\3.7.2\camel-base-engine-3.7.2.jar;F:\tool_maven_git\MavenRepository\org\apache\camel\camel-base\3.7.2\camel-base-3.7.2.jar;F:\tool_maven_git\MavenRepository\org\apache\camel\camel-core-reifier\3.7.2\camel-core-reifier-3.7.2.jar;F:\tool_maven_git\MavenRepository\org\apache\camel\camel-core-processor\3.7.2\camel-core-processor-3.7.2.jar;F:\tool_maven_git\MavenRepository\org\apache\camel\camel-management-api\3.7.2\camel-management-api-3.7.2.jar;F:\tool_maven_git\MavenRepository\org\apache\camel\camel-support\3.7.2\camel-support-3.7.2.jar;F:\tool_maven_git\MavenRepository\org\apache\camel\camel-util\3.7.2\camel-util-3.7.2.jar;F:\tool_maven_git\MavenRepository\org\apache\camel\camel-core-languages\3.7.2\camel-core-languages-3.7.2.jar;F:\tool_maven_git\MavenRepository\org\apache\camel\camel-bean\3.7.2\camel-bean-3.7.2.jar;F:\tool_maven_git\MavenRepository\org\apache\camel\camel-browse\3.7.2\camel-browse-3.7.2.jar;F:\tool_maven_git\MavenRepository\org\apache\camel\camel-caffeine-lrucache\3.7.2\camel-caffeine-lrucache-3.7.2.jar;F:\tool_maven_git\MavenRepository\com\github\ben-manes\caffeine\caffeine\2.8.8\caffeine-2.8.8.jar;F:\tool_maven_git\MavenRepository\org\apache\camel\camel-cluster\3.7.2\camel-cluster-3.7.2.jar;F:\tool_maven_git\MavenRepository\org\apache\camel\camel-core-model\3.7.2\camel-core-model-3.7.2.jar;F:\tool_maven_git\MavenRepository\org\apache\camel\camel-controlbus\3.7.2\camel-controlbus-3.7.2.jar;F:\tool_maven_git\MavenRepository\org\apache\camel\camel-dataformat\3.7.2\camel-dataformat-3.7.2.jar;F:\tool_maven_git\MavenRepository\org\apache\camel\camel-dataset\3.7.2\camel-dataset-3.7.2.jar;F:\tool_maven_git\MavenRepository\org\apache\camel\camel-direct\3.7.2\camel-direct-3.7.2.jar;F:\tool_maven_git\MavenRepository\org\apache\camel\camel-directvm\3.7.2\camel-directvm-3.7.2.jar;F:\tool_maven_git\MavenRepository\org\apache\camel\camel-file\3.7.2\camel-file-3.7.2.jar;F:\tool_maven_git\MavenRepository\org\apache\camel\camel-health\3.7.2\camel-health-3.7.2.jar;F:\tool_maven_git\MavenRepository\org\apache\camel\camel-language\3.7.2\camel-language-3.7.2.jar;F:\tool_maven_git\MavenRepository\org\apache\camel\camel-log\3.7.2\camel-log-3.7.2.jar;F:\tool_maven_git\MavenRepository\org\apache\camel\camel-mock\3.7.2\camel-mock-3.7.2.jar;F:\tool_maven_git\MavenRepository\org\apache\camel\camel-ref\3.7.2\camel-ref-3.7.2.jar;F:\tool_maven_git\MavenRepository\org\apache\camel\camel-rest\3.7.2\camel-rest-3.7.2.jar;F:\tool_maven_git\MavenRepository\org\apache\camel\camel-tooling-model\3.7.2\camel-tooling-model-3.7.2.jar;F:\tool_maven_git\MavenRepository\org\apache\camel\camel-util-json\3.7.2\camel-util-json-3.7.2.jar;F:\tool_maven_git\MavenRepository\org\apache\camel\camel-saga\3.7.2\camel-saga-3.7.2.jar;F:\tool_maven_git\MavenRepository\org\apache\camel\camel-scheduler\3.7.2\camel-scheduler-3.7.2.jar;F:\tool_maven_git\MavenRepository\org\apache\camel\camel-seda\3.7.2\camel-seda-3.7.2.jar;F:\tool_maven_git\MavenRepository\org\apache\camel\camel-stub\3.7.2\camel-stub-3.7.2.jar;F:\tool_maven_git\MavenRepository\org\apache\camel\camel-timer\3.7.2\camel-timer-3.7.2.jar;F:\tool_maven_git\MavenRepository\org\apache\camel\camel-validator\3.7.2\camel-validator-3.7.2.jar;F:\tool_maven_git\MavenRepository\org\apache\camel\camel-vm\3.7.2\camel-vm-3.7.2.jar;F:\tool_maven_git\MavenRepository\org\apache\camel\camel-xpath\3.7.2\camel-xpath-3.7.2.jar;F:\tool_maven_git\MavenRepository\org\apache\camel\camel-xslt\3.7.2\camel-xslt-3.7.2.jar;F:\tool_maven_git\MavenRepository\org\apache\camel\camel-xml-jaxb\3.7.2\camel-xml-jaxb-3.7.2.jar;F:\tool_maven_git\MavenRepository\jakarta\xml\bind\jakarta.xml.bind-api\2.3.3\jakarta.xml.bind-api-2.3.3.jar;F:\tool_maven_git\MavenRepository\jakarta\activation\jakarta.activation-api\1.2.2\jakarta.activation-api-1.2.2.jar;F:\tool_maven_git\MavenRepository\com\sun\xml\bind\jaxb-core\2.3.0\jaxb-core-2.3.0.jar;F:\tool_maven_git\MavenRepository\com\sun\xml\bind\jaxb-impl\2.3.3\jaxb-impl-2.3.3.jar;F:\tool_maven_git\MavenRepository\com\sun\activation\jakarta.activation\1.2.2\jakarta.activation-1.2.2.jar;F:\tool_maven_git\MavenRepository\org\apache\camel\camel-xml-jaxp\3.7.2\camel-xml-jaxp-3.7.2.jar;F:\tool_maven_git\MavenRepository\org\mybatis\generator\mybatis-generator-core\1.3.5\mybatis-generator-core-1.3.5.jar;F:\tool_maven_git\MavenRepository\com\github\pagehelper\pagehelper\5.0.3\pagehelper-5.0.3.jar;F:\tool_maven_git\MavenRepository\com\github\jsqlparser\jsqlparser\1.0\jsqlparser-1.0.jar;F:\tool_maven_git\MavenRepository\mysql\mysql-connector-java\5.1.37\mysql-connector-java-5.1.37.jar;F:\tool_maven_git\MavenRepository\com\mchange\c3p0\0.9.5.2\c3p0-0.9.5.2.jar;F:\tool_maven_git\MavenRepository\com\mchange\mchange-commons-java\0.2.11\mchange-commons-java-0.2.11.jar;F:\tool_maven_git\MavenRepository\org\mybatis\mybatis\3.2.8\mybatis-3.2.8.jar;F:\tool_maven_git\MavenRepository\org\mybatis\mybatis-spring\1.2.2\mybatis-spring-1.2.2.jar;F:\tool_maven_git\MavenRepository\cglib\cglib\3.2.5\cglib-3.2.5.jar;F:\tool_maven_git\MavenRepository\org\ow2\asm\asm\5.2\asm-5.2.jar;F:\tool_maven_git\MavenRepository\org\apache\ant\ant\1.9.6\ant-1.9.6.jar;F:\tool_maven_git\MavenRepository\org\apache\ant\ant-launcher\1.9.6\ant-launcher-1.9.6.jar;F:\tool_maven_git\MavenRepository\log4j\log4j\1.2.17\log4j-1.2.17.jar;F:\tool_maven_git\MavenRepository\org\mybatis\mybatis-ehcache\1.0.0\mybatis-ehcache-1.0.0.jar;F:\tool_maven_git\MavenRepository\net\sf\ehcache\ehcache-core\2.0.0\ehcache-core-2.0.0.jar;F:\tool_maven_git\MavenRepository\org\ehcache\ehcache\3.1.3\ehcache-3.1.3.jar;F:\tool_maven_git\MavenRepository\org\slf4j\slf4j-api\1.7.21\slf4j-api-1.7.21.jar;F:\tool_maven_git\MavenRepository\org\slf4j\slf4j-log4j12\1.7.21\slf4j-log4j12-1.7.21.jar;F:\tool_maven_git\MavenRepository\org\apache\logging\log4j\log4j-core\2.8.2\log4j-core-2.8.2.jar;F:\tool_maven_git\MavenRepository\org\apache\logging\log4j\log4j-api\2.8.2\log4j-api-2.8.2.jar;F:\tool_maven_git\MavenRepository\org\springframework\spring-aspects\4.1.1.RELEASE\spring-aspects-4.1.1.RELEASE.jar;F:\tool_maven_git\MavenRepository\org\aspectj\aspectjrt\1.6.11\aspectjrt-1.6.11.jar;F:\tool_maven_git\MavenRepository\org\aspectj\aspectjweaver\1.6.11\aspectjweaver-1.6.11.jar;F:\tool_maven_git\MavenRepository\commons-logging\commons-logging\1.2\commons-logging-1.2.jar;F:\tool_maven_git\MavenRepository\org\springframework\spring-beans\4.1.1.RELEASE\spring-beans-4.1.1.RELEASE.jar;F:\tool_maven_git\MavenRepository\org\springframework\spring-core\4.1.1.RELEASE\spring-core-4.1.1.RELEASE.jar;F:\tool_maven_git\MavenRepository\org\springframework\spring-aop\4.1.1.RELEASE\spring-aop-4.1.1.RELEASE.jar;F:\tool_maven_git\MavenRepository\aopalliance\aopalliance\1.0\aopalliance-1.0.jar;F:\tool_maven_git\MavenRepository\org\springframework\spring-context\4.1.1.RELEASE\spring-context-4.1.1.RELEASE.jar;F:\tool_maven_git\MavenRepository\org\springframework\spring-expression\4.1.1.RELEASE\spring-expression-4.1.1.RELEASE.jar;F:\tool_maven_git\MavenRepository\org\springframework\spring-orm\4.1.1.RELEASE\spring-orm-4.1.1.RELEASE.jar;F:\tool_maven_git\MavenRepository\org\springframework\spring-tx\4.1.1.RELEASE\spring-tx-4.1.1.RELEASE.jar;F:\tool_maven_git\MavenRepository\org\springframework\spring-jdbc\4.1.1.RELEASE\spring-jdbc-4.1.1.RELEASE.jar;F:\tool_maven_git\MavenRepository\org\springframework\spring-test\5.3.3\spring-test-5.3.3.jar;F:\tool_maven_git\MavenRepository\org\springframework\spring-webmvc\4.1.1.RELEASE\spring-webmvc-4.1.1.RELEASE.jar;F:\tool_maven_git\MavenRepository\org\springframework\spring-web\4.1.1.RELEASE\spring-web-4.1.1.RELEASE.jar;F:\tool_maven_git\MavenRepository\jstl\jstl\1.2\jstl-1.2.jar;F:\tool_maven_git\MavenRepository\taglibs\standard\1.1.2\standard-1.1.2.jar;F:\tool_maven_git\MavenRepository\commons-io\commons-io\2.0\commons-io-2.0.jar;F:\tool_maven_git\MavenRepository\commons-fileupload\commons-fileupload\1.2.1\commons-fileupload-1.2.1.jar;F:\tool_maven_git\MavenRepository\org\hibernate\hibernate-validator\5.0.0.CR2\hibernate-validator-5.0.0.CR2.jar;F:\tool_maven_git\MavenRepository\javax\validation\validation-api\1.1.0.CR1\validation-api-1.1.0.CR1.jar;F:\tool_maven_git\MavenRepository\org\jboss\logging\jboss-logging\3.1.1.GA\jboss-logging-3.1.1.GA.jar;F:\tool_maven_git\MavenRepository\com\fasterxml\classmate\0.8.0\classmate-0.8.0.jar;F:\tool_maven_git\MavenRepository\org\glassfish\web\javax.el\2.2.4\javax.el-2.2.4.jar;F:\tool_maven_git\MavenRepository\javax\el\javax.el-api\2.2.4\javax.el-api-2.2.4.jar;F:\tool_maven_git\MavenRepository\org\hibernate\hibernate-validator-annotation-processor\5.0.0.CR2\hibernate-validator-annotation-processor-5.0.0.CR2.jar;F:\tool_maven_git\MavenRepository\com\fasterxml\jackson\core\jackson-core\2.8.1\jackson-core-2.8.1.jar;F:\tool_maven_git\MavenRepository\com\fasterxml\jackson\core\jackson-databind\2.8.1\jackson-databind-2.8.1.jar;F:\tool_maven_git\MavenRepository\com\fasterxml\jackson\core\jackson-annotations\2.8.1\jackson-annotations-2.8.1.jar;F:\tool_maven_git\MavenRepository\junit\junit\4.11\junit-4.11.jar;F:\tool_maven_git\MavenRepository\org\hamcrest\hamcrest-core\1.3\hamcrest-core-1.3.jar;"/>
    <property name="sun.cpu.endian" value="little"/>
    <property name="user.home" value="C:\Users\陈浩"/>
    <property name="user.language" value="zh"/>
    <property name="java.specification.vendor" value="Oracle Corporation"/>
    <property name="java.home" value="D:\Java\jre"/>
    <property name="basedir" value="F:\Workspace\MyBatis\MyBatis08"/>
    <property name="file.separator" value="\"/>
    <property name="line.separator" value="&#10;"/>
    <property name="java.vm.specification.vendor" value="Oracle Corporation"/>
    <property name="java.specification.name" value="Java Platform API Specification"/>
    <property name="java.awt.graphicsenv" value="sun.awt.Win32GraphicsEnvironment"/>
    <property name="surefire.real.class.path" value="C:\Users\陈浩\AppData\Local\Temp\surefire6696034877358088435\surefirebooter6363744160362804820.jar"/>
    <property name="sun.boot.class.path" value="D:\Java\jre\lib\resources.jar;D:\Java\jre\lib\rt.jar;D:\Java\jre\lib\sunrsasign.jar;D:\Java\jre\lib\jsse.jar;D:\Java\jre\lib\jce.jar;D:\Java\jre\lib\charsets.jar;D:\Java\jre\lib\jfr.jar;D:\Java\jre\classes"/>
    <property name="user.script" value=""/>
    <property name="sun.management.compiler" value="HotSpot 64-Bit Tiered Compilers"/>
    <property name="java.runtime.version" value="1.8.0_121-b13"/>
    <property name="user.name" value="陈浩"/>
    <property name="path.separator" value=";"/>
    <property name="os.version" value="10.0"/>
    <property name="java.endorsed.dirs" value="D:\Java\jre\lib\endorsed"/>
    <property name="java.runtime.name" value="Java(TM) SE Runtime Environment"/>
    <property name="file.encoding" value="GBK"/>
    <property name="java.vm.name" value="Java HotSpot(TM) 64-Bit Server VM"/>
    <property name="localRepository" value="F:\tool_maven_git\MavenRepository"/>
    <property name="java.vendor.url.bug" value="http://bugreport.sun.com/bugreport/"/>
    <property name="java.io.tmpdir" value="C:\Users\陈浩\AppData\Local\Temp\"/>
    <property name="idea.version" value="2020.2.3"/>
    <property name="java.version" value="1.8.0_121"/>
    <property name="user.dir" value="F:\Workspace\MyBatis\MyBatis08"/>
    <property name="os.arch" value="amd64"/>
    <property name="java.vm.specification.name" value="Java Virtual Machine Specification"/>
    <property name="java.awt.printerjob" value="sun.awt.windows.WPrinterJob"/>
    <property name="sun.os.patch.level" value=""/>
    <property name="java.library.path" value="D:\Java\jre\bin;C:\Windows\Sun\Java\bin;C:\Windows\system32;C:\Windows;F:\linux\软件\;D;\MySql\bin;C:\ProgramData\Oracle\Java\javapath;C:\Windows\system32;C:\Windows;C:\Windows\System32\Wbem;C:\Windows\System32\WindowsPowerShell\v1.0\;C:\Windows\System32\OpenSSH\;C:\Program Files (x86)\NVIDIA Corporation\PhysX\Common;C:\Program Files\NVIDIA Corporation\NVIDIA NvDLISR;D:\java\bin;D:\java\jre\bin;F:\Dev\Git\cmd;F:\tool_maven_git\apache-maven-3.6.1\bin;C:\Users\陈浩\AppData\Local\Microsoft\WindowsApp;F:\manven\apache-maven-3.2.2\bin;;."/>
    <property name="java.vm.info" value="mixed mode"/>
    <property name="java.vendor" value="Oracle Corporation"/>
    <property name="java.vm.version" value="25.121-b13"/>
    <property name="java.ext.dirs" value="D:\Java\jre\lib\ext;C:\Windows\Sun\Java\lib\ext"/>
    <property name="sun.io.unicode.encoding" value="UnicodeLittle"/>
    <property name="maven.repo.local" value="F:\tool_maven_git\MavenRepository"/>
    <property name="java.class.version" value="52.0"/>
  </properties>
  <testcase name="test01" classname="Test" time="0.17">
    <error message="&#10;### Error building SqlSession.&#10;### The error may exist in study/ch/Dao/TeacherMapper.java (best guess)&#10;### Cause: org.apache.ibatis.builder.BuilderException: Error parsing SQL Mapper Configuration. Cause: org.apache.ibatis.builder.BuilderException: Error creating document instance.  Cause: org.xml.sax.SAXParseException; lineNumber: 2; columnNumber: 6; 不允许有匹配 &quot;[xX][mM][lL]&quot; 的处理指令目标。" type="org.apache.ibatis.exceptions.PersistenceException">org.apache.ibatis.exceptions.PersistenceException: 

### Error building SqlSession.
### The error may exist in study/ch/Dao/TeacherMapper.java (best guess)
### Cause: org.apache.ibatis.builder.BuilderException: Error parsing SQL Mapper Configuration. Cause: org.apache.ibatis.builder.BuilderException: Error creating document instance.  Cause: org.xml.sax.SAXParseException; lineNumber: 2; columnNumber: 6; 不允许有匹配 "[xX][mM][lL]" 的处理指令目标。
	at Test.initSqlSessionFactory(Test.java:31)
Caused by: org.apache.ibatis.builder.BuilderException: Error parsing SQL Mapper Configuration. Cause: org.apache.ibatis.builder.BuilderException: Error creating document instance.  Cause: org.xml.sax.SAXParseException; lineNumber: 2; columnNumber: 6; 不允许有匹配 "[xX][mM][lL]" 的处理指令目标。
	at Test.initSqlSessionFactory(Test.java:31)
Caused by: org.apache.ibatis.builder.BuilderException: Error creating document instance.  Cause: org.xml.sax.SAXParseException; lineNumber: 2; columnNumber: 6; 不允许有匹配 "[xX][mM][lL]" 的处理指令目标。
	at Test.initSqlSessionFactory(Test.java:31)
Caused by: org.xml.sax.SAXParseException: 不允许有匹配 "[xX][mM][lL]" 的处理指令目标。
	at Test.initSqlSessionFactory(Test.java:31)
</error>
    <system-out><![CDATA[log4j: reset attribute= "false".
log4j: Threshold ="null".
log4j: Retreiving an instance of org.apache.log4j.Logger.
log4j: Setting [java.sql] additivity to [true].
log4j: Level value for java.sql is  [debug].
log4j: java.sql level set to DEBUG
log4j: Retreiving an instance of org.apache.log4j.Logger.
log4j: Setting [org.apache.ibatis] additivity to [true].
log4j: Level value for org.apache.ibatis is  [info].
log4j: org.apache.ibatis level set to INFO
log4j: Level value for root is  [debug].
log4j: root level set to DEBUG
log4j: Class name: [org.apache.log4j.ConsoleAppender]
log4j: Setting property [encoding] to [UTF-8].
log4j: Parsing layout of class: "org.apache.log4j.PatternLayout"
log4j: Setting property [conversionPattern] to [%-5p %d{MM-dd HH:mm:ss,SSS} %m  (%F:%L) 
].
log4j: Adding appender named [STDOUT] to category [root].
]]></system-out>
  </testcase>
  <testcase name="test02" classname="Test" time="0.01">
    <error message="&#10;### Error building SqlSession.&#10;### The error may exist in study/ch/Dao/TeacherMapper.java (best guess)&#10;### Cause: org.apache.ibatis.builder.BuilderException: Error parsing SQL Mapper Configuration. Cause: org.apache.ibatis.builder.BuilderException: Error creating document instance.  Cause: org.xml.sax.SAXParseException; lineNumber: 2; columnNumber: 6; 不允许有匹配 &quot;[xX][mM][lL]&quot; 的处理指令目标。" type="org.apache.ibatis.exceptions.PersistenceException">org.apache.ibatis.exceptions.PersistenceException: 

### Error building SqlSession.
### The error may exist in study/ch/Dao/TeacherMapper.java (best guess)
### Cause: org.apache.ibatis.builder.BuilderException: Error parsing SQL Mapper Configuration. Cause: org.apache.ibatis.builder.BuilderException: Error creating document instance.  Cause: org.xml.sax.SAXParseException; lineNumber: 2; columnNumber: 6; 不允许有匹配 "[xX][mM][lL]" 的处理指令目标。
	at Test.initSqlSessionFactory(Test.java:31)
Caused by: org.apache.ibatis.builder.BuilderException: Error parsing SQL Mapper Configuration. Cause: org.apache.ibatis.builder.BuilderException: Error creating document instance.  Cause: org.xml.sax.SAXParseException; lineNumber: 2; columnNumber: 6; 不允许有匹配 "[xX][mM][lL]" 的处理指令目标。
	at Test.initSqlSessionFactory(Test.java:31)
Caused by: org.apache.ibatis.builder.BuilderException: Error creating document instance.  Cause: org.xml.sax.SAXParseException; lineNumber: 2; columnNumber: 6; 不允许有匹配 "[xX][mM][lL]" 的处理指令目标。
	at Test.initSqlSessionFactory(Test.java:31)
Caused by: org.xml.sax.SAXParseException: 不允许有匹配 "[xX][mM][lL]" 的处理指令目标。
	at Test.initSqlSessionFactory(Test.java:31)
</error>
  </testcase>
</testsuite>